14-Sep-2016 21:54:08.744 INFO [main] org.apache.catalina.startup.VersionLoggerListener.log Server version:        Apache Tomcat/8.5.5
14-Sep-2016 21:54:08.745 INFO [main] org.apache.catalina.startup.VersionLoggerListener.log Server built:          Aug 31 2016 19:51:16 UTC
14-Sep-2016 21:54:08.745 INFO [main] org.apache.catalina.startup.VersionLoggerListener.log Server number:         8.5.5.0
14-Sep-2016 21:54:08.745 INFO [main] org.apache.catalina.startup.VersionLoggerListener.log OS Name:               Mac OS X
14-Sep-2016 21:54:08.745 INFO [main] org.apache.catalina.startup.VersionLoggerListener.log OS Version:            10.11.5
14-Sep-2016 21:54:08.745 INFO [main] org.apache.catalina.startup.VersionLoggerListener.log Architecture:          x86_64
14-Sep-2016 21:54:08.745 INFO [main] org.apache.catalina.startup.VersionLoggerListener.log Java Home:             /Library/Java/JavaVirtualMachines/jdk1.8.0_101.jdk/Contents/Home/jre
14-Sep-2016 21:54:08.745 INFO [main] org.apache.catalina.startup.VersionLoggerListener.log JVM Version:           1.8.0_101-b13
14-Sep-2016 21:54:08.745 INFO [main] org.apache.catalina.startup.VersionLoggerListener.log JVM Vendor:            Oracle Corporation
14-Sep-2016 21:54:08.745 INFO [main] org.apache.catalina.startup.VersionLoggerListener.log CATALINA_BASE:         /Users/chenpeng/Documents/tmp/download/apache-tomcat-8.5.5
14-Sep-2016 21:54:08.746 INFO [main] org.apache.catalina.startup.VersionLoggerListener.log CATALINA_HOME:         /Users/chenpeng/Documents/tmp/download/apache-tomcat-8.5.5
14-Sep-2016 21:54:08.746 INFO [main] org.apache.catalina.startup.VersionLoggerListener.log Command line argument: -Djava.util.logging.config.file=/Users/chenpeng/Documents/tmp/download/apache-tomcat-8.5.5/conf/logging.properties
14-Sep-2016 21:54:08.746 INFO [main] org.apache.catalina.startup.VersionLoggerListener.log Command line argument: -Djava.util.logging.manager=org.apache.juli.ClassLoaderLogManager
14-Sep-2016 21:54:08.746 INFO [main] org.apache.catalina.startup.VersionLoggerListener.log Command line argument: -Djdk.tls.ephemeralDHKeySize=2048
14-Sep-2016 21:54:08.746 INFO [main] org.apache.catalina.startup.VersionLoggerListener.log Command line argument: -Dcatalina.base=/Users/chenpeng/Documents/tmp/download/apache-tomcat-8.5.5
14-Sep-2016 21:54:08.746 INFO [main] org.apache.catalina.startup.VersionLoggerListener.log Command line argument: -Dcatalina.home=/Users/chenpeng/Documents/tmp/download/apache-tomcat-8.5.5
14-Sep-2016 21:54:08.747 INFO [main] org.apache.catalina.startup.VersionLoggerListener.log Command line argument: -Djava.io.tmpdir=/Users/chenpeng/Documents/tmp/download/apache-tomcat-8.5.5/temp
14-Sep-2016 21:54:08.747 INFO [main] org.apache.catalina.core.AprLifecycleListener.lifecycleEvent The APR based Apache Tomcat Native library which allows optimal performance in production environments was not found on the java.library.path: /Users/chenpeng/Library/Java/Extensions:/Library/Java/Extensions:/Network/Library/Java/Extensions:/System/Library/Java/Extensions:/usr/lib/java:.
14-Sep-2016 21:54:08.875 INFO [main] org.apache.coyote.AbstractProtocol.init Initializing ProtocolHandler ["http-nio-8080"]
14-Sep-2016 21:54:08.904 INFO [main] org.apache.tomcat.util.net.NioSelectorPool.getSharedSelector Using a shared selector for servlet write/read
14-Sep-2016 21:54:08.906 INFO [main] org.apache.coyote.AbstractProtocol.init Initializing ProtocolHandler ["ajp-nio-8009"]
14-Sep-2016 21:54:08.908 INFO [main] org.apache.tomcat.util.net.NioSelectorPool.getSharedSelector Using a shared selector for servlet write/read
14-Sep-2016 21:54:08.908 INFO [main] org.apache.catalina.startup.Catalina.load Initialization processed in 591 ms
14-Sep-2016 21:54:08.936 INFO [main] org.apache.catalina.core.StandardService.startInternal Starting service Catalina
14-Sep-2016 21:54:08.936 INFO [main] org.apache.catalina.core.StandardEngine.startInternal Starting Servlet Engine: Apache Tomcat/8.5.5
14-Sep-2016 21:54:08.944 INFO [main] org.apache.coyote.AbstractProtocol.start Starting ProtocolHandler [http-nio-8080]
14-Sep-2016 21:54:08.951 INFO [main] org.apache.coyote.AbstractProtocol.start Starting ProtocolHandler [ajp-nio-8009]
14-Sep-2016 21:54:08.953 INFO [main] org.apache.catalina.startup.Catalina.start Server startup in 44 ms
14-Sep-2016 21:54:44.700 INFO [main] org.apache.catalina.core.StandardServer.await A valid shutdown command was received via the shutdown port. Stopping the Server instance.
14-Sep-2016 21:54:44.701 INFO [main] org.apache.coyote.AbstractProtocol.pause Pausing ProtocolHandler ["http-nio-8080"]
14-Sep-2016 21:54:44.760 INFO [main] org.apache.coyote.AbstractProtocol.pause Pausing ProtocolHandler ["ajp-nio-8009"]
14-Sep-2016 21:54:44.813 INFO [main] org.apache.catalina.core.StandardService.stopInternal Stopping service Catalina
14-Sep-2016 21:54:44.815 INFO [main] org.apache.coyote.AbstractProtocol.stop Stopping ProtocolHandler ["http-nio-8080"]
14-Sep-2016 21:54:44.817 INFO [main] org.apache.coyote.AbstractProtocol.stop Stopping ProtocolHandler ["ajp-nio-8009"]
14-Sep-2016 21:54:44.817 INFO [main] org.apache.coyote.AbstractProtocol.destroy Destroying ProtocolHandler ["http-nio-8080"]
14-Sep-2016 21:54:44.818 INFO [main] org.apache.coyote.AbstractProtocol.destroy Destroying ProtocolHandler ["ajp-nio-8009"]
